# JRE version: OpenJDK Runtime Environment (8.0_242-b01) (build 1.8.0_242-release-1644-b01)
# Java VM: OpenJDK 64-Bit Server VM (25.242-b01 mixed mode windows-amd64 compressed oops)
Heap:
 PSYoungGen      total 401408K, used 196533K [0x00000000e0000000, 0x00000000ffb00000, 0x0000000100000000)
  eden space 286720K, 63% used [0x00000000e0000000,0x00000000eb2e6410,0x00000000f1800000)
  from space 114688K, 11% used [0x00000000f8480000,0x00000000f9187158,0x00000000ff480000)
  to   space 111104K, 0% used [0x00000000f1800000,0x00000000f1800000,0x00000000f8480000)
 ParOldGen       total 473088K, used 395956K [0x00000000a0000000, 0x00000000bce00000, 0x00000000e0000000)
  object space 473088K, 83% used [0x00000000a0000000,0x00000000b82ad328,0x00000000bce00000)
 Metaspace       used 113172K, capacity 120192K, committed 120408K, reserved 1155072K
  class space    used 14227K, capacity 15454K, committed 15488K, reserved 1048576K
GC Heap History (10 events):
Event: 5545.902 GC heap before
{Heap before GC invocations=58 (full 5):
 PSYoungGen      total 394240K, used 273022K [0x00000000e0000000, 0x00000000fff80000, 0x0000000100000000)
  eden space 269312K, 100% used [0x00000000e0000000,0x00000000f0700000,0x00000000f0700000)
  from space 124928K, 2% used [0x00000000f0700000,0x00000000f0a9f8e8,0x00000000f8100000)
  to   space 124416K, 0% used [0x00000000f8600000,0x00000000f8600000,0x00000000fff80000)
 ParOldGen       total 473088K, used 391757K [0x00000000a0000000, 0x00000000bce00000, 0x00000000e0000000)
  object space 473088K, 82% used [0x00000000a0000000,0x00000000b7e93680,0x00000000bce00000)
 Metaspace       used 111752K, capacity 117814K, committed 118104K, reserved 1153024K
  class space    used 14060K, capacity 15157K, committed 15232K, reserved 1048576K
Event: 5545.918 GC heap after
Heap after GC invocations=58 (full 5):
 PSYoungGen      total 393216K, used 12620K [0x00000000e0000000, 0x00000000ff980000, 0x0000000100000000)
  eden space 274944K, 0% used [0x00000000e0000000,0x00000000e0000000,0x00000000f0c80000)
  from space 118272K, 10% used [0x00000000f8600000,0x00000000f92530a8,0x00000000ff980000)
  to   space 121344K, 0% used [0x00000000f0c80000,0x00000000f0c80000,0x00000000f8300000)
 ParOldGen       total 473088K, used 393968K [0x00000000a0000000, 0x00000000bce00000, 0x00000000e0000000)
  object space 473088K, 83% used [0x00000000a0000000,0x00000000b80bc188,0x00000000bce00000)
 Metaspace       used 111752K, capacity 117814K, committed 118104K, reserved 1153024K
  class space    used 14060K, capacity 15157K, committed 15232K, reserved 1048576K
}
Event: 5586.312 GC heap before
{Heap before GC invocations=59 (full 5):
 PSYoungGen      total 393216K, used 287564K [0x00000000e0000000, 0x00000000ff980000, 0x0000000100000000)
  eden space 274944K, 100% used [0x00000000e0000000,0x00000000f0c80000,0x00000000f0c80000)
  from space 118272K, 10% used [0x00000000f8600000,0x00000000f92530a8,0x00000000ff980000)
  to   space 121344K, 0% used [0x00000000f0c80000,0x00000000f0c80000,0x00000000f8300000)
 ParOldGen       total 473088K, used 393968K [0x00000000a0000000, 0x00000000bce00000, 0x00000000e0000000)
  object space 473088K, 83% used [0x00000000a0000000,0x00000000b80bc188,0x00000000bce00000)
 Metaspace       used 111940K, capacity 118130K, committed 118360K, reserved 1153024K
  class space    used 14077K, capacity 15187K, committed 15232K, reserved 1048576K
Event: 5586.331 GC heap after
Heap after GC invocations=59 (full 5):
 PSYoungGen      total 396288K, used 65077K [0x00000000e0000000, 0x0000000100000000, 0x0000000100000000)
  eden space 274944K, 0% used [0x00000000e0000000,0x00000000e0000000,0x00000000f0c80000)
  from space 121344K, 53% used [0x00000000f0c80000,0x00000000f4c0d648,0x00000000f8300000)
  to   space 122368K, 0% used [0x00000000f8880000,0x00000000f8880000,0x0000000100000000)
 ParOldGen       total 473088K, used 395932K [0x00000000a0000000, 0x00000000bce00000, 0x00000000e0000000)
  object space 473088K, 83% used [0x00000000a0000000,0x00000000b82a7328,0x00000000bce00000)
 Metaspace       used 111940K, capacity 118130K, committed 118360K, reserved 1153024K
  class space    used 14077K, capacity 15187K, committed 15232K, reserved 1048576K
}
Event: 5938.142 GC heap before
{Heap before GC invocations=60 (full 5):
 PSYoungGen      total 396288K, used 340021K [0x00000000e0000000, 0x0000000100000000, 0x0000000100000000)
  eden space 274944K, 100% used [0x00000000e0000000,0x00000000f0c80000,0x00000000f0c80000)
  from space 121344K, 53% used [0x00000000f0c80000,0x00000000f4c0d648,0x00000000f8300000)
  to   space 122368K, 0% used [0x00000000f8880000,0x00000000f8880000,0x0000000100000000)
 ParOldGen       total 473088K, used 395932K [0x00000000a0000000, 0x00000000bce00000, 0x00000000e0000000)
  object space 473088K, 83% used [0x00000000a0000000,0x00000000b82a7328,0x00000000bce00000)
 Metaspace       used 112161K, capacity 118512K, committed 118616K, reserved 1153024K
  class space    used 14096K, capacity 15218K, committed 15232K, reserved 1048576K
Event: 5938.151 GC heap after
Heap after GC invocations=60 (full 5):
 PSYoungGen      total 400896K, used 6544K [0x00000000e0000000, 0x00000000ffe00000, 0x0000000100000000)
  eden space 280576K, 0% used [0x00000000e0000000,0x00000000e0000000,0x00000000f1200000)
  from space 120320K, 5% used [0x00000000f8880000,0x00000000f8ee4010,0x00000000ffe00000)
  to   space 120832K, 0% used [0x00000000f1200000,0x00000000f1200000,0x00000000f8800000)
 ParOldGen       total 473088K, used 395940K [0x00000000a0000000, 0x00000000bce00000, 0x00000000e0000000)
  object space 473088K, 83% used [0x00000000a0000000,0x00000000b82a9328,0x00000000bce00000)
 Metaspace       used 112161K, capacity 118512K, committed 118616K, reserved 1153024K
  class space    used 14096K, capacity 15218K, committed 15232K, reserved 1048576K
}
Event: 5939.963 GC heap before
{Heap before GC invocations=61 (full 5):
 PSYoungGen      total 400896K, used 287119K [0x00000000e0000000, 0x00000000ffe00000, 0x0000000100000000)
  eden space 280576K, 99% used [0x00000000e0000000,0x00000000f11ffd08,0x00000000f1200000)
  from space 120320K, 5% used [0x00000000f8880000,0x00000000f8ee4010,0x00000000ffe00000)
  to   space 120832K, 0% used [0x00000000f1200000,0x00000000f1200000,0x00000000f8800000)
 ParOldGen       total 473088K, used 395940K [0x00000000a0000000, 0x00000000bce00000, 0x00000000e0000000)
  object space 473088K, 83% used [0x00000000a0000000,0x00000000b82a9328,0x00000000bce00000)
 Metaspace       used 112255K, capacity 118586K, committed 118616K, reserved 1153024K
  class space    used 14096K, capacity 15219K, committed 15232K, reserved 1048576K
Event: 5939.975 GC heap after
Heap after GC invocations=61 (full 5):
 PSYoungGen      total 306688K, used 25678K [0x00000000e0000000, 0x00000000ff480000, 0x0000000100000000)
  eden space 280576K, 0% used [0x00000000e0000000,0x00000000e0000000,0x00000000f1200000)
  from space 26112K, 98% used [0x00000000f1200000,0x00000000f2b139d0,0x00000000f2b80000)
  to   space 114688K, 0% used [0x00000000f8480000,0x00000000f8480000,0x00000000ff480000)
 ParOldGen       total 473088K, used 395948K [0x00000000a0000000, 0x00000000bce00000, 0x00000000e0000000)
  object space 473088K, 83% used [0x00000000a0000000,0x00000000b82ab328,0x00000000bce00000)
 Metaspace       used 112255K, capacity 118586K, committed 118616K, reserved 1153024K
  class space    used 14096K, capacity 15219K, committed 15232K, reserved 1048576K
}
Event: 6287.921 GC heap before
{Heap before GC invocations=62 (full 5):
 PSYoungGen      total 306688K, used 306254K [0x00000000e0000000, 0x00000000ff480000, 0x0000000100000000)
  eden space 280576K, 100% used [0x00000000e0000000,0x00000000f1200000,0x00000000f1200000)
  from space 26112K, 98% used [0x00000000f1200000,0x00000000f2b139d0,0x00000000f2b80000)
  to   space 114688K, 0% used [0x00000000f8480000,0x00000000f8480000,0x00000000ff480000)
 ParOldGen       total 473088K, used 395948K [0x00000000a0000000, 0x00000000bce00000, 0x00000000e0000000)
  object space 473088K, 83% used [0x00000000a0000000,0x00000000b82ab328,0x00000000bce00000)
 Metaspace       used 112997K, capacity 119990K, committed 120152K, reserved 1155072K
  class space    used 14207K, capacity 15431K, committed 15488K, reserved 1048576K
Event: 6287.936 GC heap after
Heap after GC invocations=62 (full 5):
 PSYoungGen      total 401408K, used 13340K [0x00000000e0000000, 0x00000000ffb00000, 0x0000000100000000)
  eden space 286720K, 0% used [0x00000000e0000000,0x00000000e0000000,0x00000000f1800000)
  from space 114688K, 11% used [0x00000000f8480000,0x00000000f9187158,0x00000000ff480000)
  to   space 111104K, 0% used [0x00000000f1800000,0x00000000f1800000,0x00000000f8480000)
 ParOldGen       total 473088K, used 395956K [0x00000000a0000000, 0x00000000bce00000, 0x00000000e0000000)
  object space 473088K, 83% used [0x00000000a0000000,0x00000000b82ad328,0x00000000bce00000)
 Metaspace       used 112997K, capacity 119990K, committed 120152K, reserved 1155072K
  class space    used 14207K, capacity 15431K, committed 15488K, reserved 1048576K
}

